<?xml version="1.0" encoding="UTF-8"?>
<testsuite xmlns:xsi="http://www.w3.org/2001/XMLSchema-instance" xsi:noNamespaceSchemaLocation="https://maven.apache.org/surefire/maven-surefire-plugin/xsd/surefire-test-report.xsd" version="3.0.2" name="com.mbds.ws.WebserviceApplicationTests" time="13.907" tests="1" errors="0" skipped="0" failures="0">
  <properties>
[...]
</properties>
  <testcase name="contextLoads" classname="com.mbds.ws.WebserviceApplicationTests" time="0.669">
    <system-out><![CDATA[19:42:54.202 [main] INFO org.springframework.test.context.support.AnnotationConfigContextLoaderUtils -- Could not detect default configuration classes for test class [com.mbds.ws.WebserviceApplicationTests]: WebserviceApplicationTests does not declare any static, non-private, non-final, nested classes annotated with @Configuration.
19:42:54.479 [main] INFO org.springframework.boot.test.context.SpringBootTestContextBootstrapper -- Found @SpringBootConfiguration com.mbds.ws.WebserviceApplication for test class com.mbds.ws.WebserviceApplicationTests

  .   ____          _            __ _ _
 /\\ / ___'_ __ _ _(_)_ __  __ _ \ \ \ \
( ( )\___ | '_ | '_| | '_ \/ _` | \ \ \ \
 \\/  ___)| |_)| | | | | || (_| |  ) ) ) )
  '  |____| .__|_| |_|_| |_\__, | / / / /
 =========|_|==============|___/=/_/_/_/

 :: Spring Boot ::                (v4.0.3)

2026-03-21T19:42:55.485+03:00  INFO 17044 --- [webservice] [           main] com.mbds.ws.WebserviceApplicationTests   : Starting WebserviceApplicationTests using Java 21.0.10 with PID 17044 (started by NANCIA in D:\M2_MBDS\Web_Service\Projet\webservice)
2026-03-21T19:42:55.487+03:00  INFO 17044 --- [webservice] [           main] com.mbds.ws.WebserviceApplicationTests   : No active profile set, falling back to 1 default profile: "default"
2026-03-21T19:42:57.612+03:00  INFO 17044 --- [webservice] [           main] .s.d.r.c.RepositoryConfigurationDelegate : Bootstrapping Spring Data JPA repositories in DEFAULT mode.
2026-03-21T19:42:57.663+03:00  INFO 17044 --- [webservice] [           main] .s.d.r.c.RepositoryConfigurationDelegate : Finished Spring Data repository scanning in 29 ms. Found 0 JPA repository interfaces.
2026-03-21T19:42:58.779+03:00  INFO 17044 --- [webservice] [           main] com.zaxxer.hikari.HikariDataSource       : HikariPool-1 - Starting...
2026-03-21T19:42:59.226+03:00  INFO 17044 --- [webservice] [           main] com.zaxxer.hikari.pool.HikariPool        : HikariPool-1 - Added connection conn0: url=jdbc:h2:mem:dea6cf8e-c8bb-455a-9a99-20ca9e0a2677 user=SA
2026-03-21T19:42:59.231+03:00  INFO 17044 --- [webservice] [           main] com.zaxxer.hikari.HikariDataSource       : HikariPool-1 - Start completed.
2026-03-21T19:42:59.321+03:00  INFO 17044 --- [webservice] [           main] org.hibernate.orm.jpa                    : HHH008540: Processing PersistenceUnitInfo [name: default]
2026-03-21T19:42:59.562+03:00  INFO 17044 --- [webservice] [           main] org.hibernate.orm.core                   : HHH000001: Hibernate ORM core version 7.2.4.Final
2026-03-21T19:43:00.925+03:00  INFO 17044 --- [webservice] [           main] o.s.o.j.p.SpringPersistenceUnitInfo      : No LoadTimeWeaver setup: ignoring JPA class transformer
2026-03-21T19:43:01.070+03:00  INFO 17044 --- [webservice] [           main] org.hibernate.orm.connections.pooling    : HHH10001005: Database info:
	Database JDBC URL [jdbc:h2:mem:dea6cf8e-c8bb-455a-9a99-20ca9e0a2677]
	Database driver: H2 JDBC Driver
	Database dialect: H2Dialect
	Database version: 2.4.240
	Default catalog/schema: DEA6CF8E-C8BB-455A-9A99-20CA9E0A2677/PUBLIC
	Autocommit mode: undefined/unknown
	Isolation level: READ_COMMITTED [default READ_COMMITTED]
	JDBC fetch size: 100
	Pool: DataSourceConnectionProvider
	Minimum pool size: undefined/unknown
	Maximum pool size: undefined/unknown
2026-03-21T19:43:02.635+03:00  INFO 17044 --- [webservice] [           main] org.hibernate.orm.core                   : HHH000489: No JTA platform available (set 'hibernate.transaction.jta.platform' to enable JTA platform integration)
2026-03-21T19:43:02.729+03:00  INFO 17044 --- [webservice] [           main] j.LocalContainerEntityManagerFactoryBean : Initialized JPA EntityManagerFactory for persistence unit 'default'
2026-03-21T19:43:03.181+03:00  WARN 17044 --- [webservice] [           main] JpaBaseConfiguration$JpaWebConfiguration : spring.jpa.open-in-view is enabled by default. Therefore, database queries may be performed during view rendering. Explicitly configure spring.jpa.open-in-view to disable this warning
2026-03-21T19:43:05.131+03:00  WARN 17044 --- [webservice] [           main] .s.a.UserDetailsServiceAutoConfiguration : 

Using generated security password: 46aa8ff6-2062-414b-ae45-f41c5da2f947

This generated password is for development use only. Your security configuration must be updated before running your application in production.

2026-03-21T19:43:05.578+03:00  INFO 17044 --- [webservice] [           main] r$InitializeUserDetailsManagerConfigurer : Global AuthenticationManager configured with UserDetailsService bean with name inMemoryUserDetailsManager
2026-03-21T19:43:06.874+03:00  INFO 17044 --- [webservice] [           main] com.mbds.ws.WebserviceApplicationTests   : Started WebserviceApplicationTests in 12.042 seconds (process running for 15.197)
2026-03-21T19:43:06.884+03:00  WARN 17044 --- [webservice] [           main] o.s.core.events.SpringDocAppInitializer  : SpringDoc /v3/api-docs endpoint is enabled by default. To disable it in production, set the property 'springdoc.api-docs.enabled=false'
2026-03-21T19:43:06.885+03:00  WARN 17044 --- [webservice] [           main] o.s.core.events.SpringDocAppInitializer  : SpringDoc /swagger-ui.html endpoint is enabled by default. To disable it in production, set the property 'springdoc.swagger-ui.enabled=false'
]]></system-out>
    <system-err><![CDATA[Mockito is currently self-attaching to enable the inline-mock-maker. This will no longer work in future releases of the JDK. Please add Mockito as an agent to your build as described in Mockito's documentation: https://javadoc.io/doc/org.mockito/mockito-core/latest/org.mockito/org/mockito/Mockito.html#0.3
WARNING: A Java agent has been loaded dynamically (C:\Users\NANCIA\.m2\repository\net\bytebuddy\byte-buddy-agent\1.17.8\byte-buddy-agent-1.17.8.jar)
WARNING: If a serviceability tool is in use, please run with -XX:+EnableDynamicAgentLoading to hide this warning
WARNING: If a serviceability tool is not in use, please run with -Djdk.instrument.traceUsage for more information
WARNING: Dynamic loading of agents will be disallowed by default in a future release
]]></system-err>
  </testcase>
</testsuite>